Flow report for lab3
Thu Oct 01 00:00:38 2020
Quartus II Version 9.1 Build 350 03/24/2010 Service Pack 2 SJ Web Edition


---------------------
; Table of Contents ;
---------------------
  1. Legal Notice
  2. Flow Summary
  3. Flow Settings
  4. Flow Non-Default Global Settings
  5. Flow Elapsed Time
  6. Flow OS Summary
  7. Flow Log



----------------
; Legal Notice ;
----------------
Copyright (C) 1991-2010 Altera Corporation
Your use of Altera Corporation's design tools, logic functions 
and other software and tools, and its AMPP partner logic 
functions, and any output files from any of the foregoing 
(including device programming or simulation files), and any 
associated documentation or information are expressly subject 
to the terms and conditions of the Altera Program License 
Subscription Agreement, Altera MegaCore Function License 
Agreement, or other applicable license agreement, including, 
without limitation, that your use is for the sole purpose of 
programming logic devices manufactured by Altera and sold by 
Altera or its authorized distributors.  Please refer to the 
applicable agreement for further details.



+------------------------------------------------------------------------------+
; Flow Summary                                                                 ;
+-------------------------------+----------------------------------------------+
; Flow Status                   ; Successful - Thu Oct 01 00:00:37 2020        ;
; Quartus II Version            ; 9.1 Build 350 03/24/2010 SP 2 SJ Web Edition ;
; Revision Name                 ; lab3                                         ;
; Top-level Entity Name         ; lab3                                         ;
; Family                        ; Stratix II                                   ;
; Met timing requirements       ; No                                           ;
; Logic utilization             ; < 1 %                                        ;
;     Combinational ALUTs       ; 94 / 12,480 ( < 1 % )                        ;
;     Dedicated logic registers ; 51 / 12,480 ( < 1 % )                        ;
; Total registers               ; 51                                           ;
; Total pins                    ; 27 / 343 ( 8 % )                             ;
; Total virtual pins            ; 0                                            ;
; Total block memory bits       ; 1,064 / 419,328 ( < 1 % )                    ;
; DSP block 9-bit elements      ; 0 / 96 ( 0 % )                               ;
; Total PLLs                    ; 0 / 6 ( 0 % )                                ;
; Total DLLs                    ; 0 / 2 ( 0 % )                                ;
; Device                        ; EP2S15F484C3                                 ;
; Timing Models                 ; Final                                        ;
+-------------------------------+----------------------------------------------+


+-----------------------------------------+
; Flow Settings                           ;
+-------------------+---------------------+
; Option            ; Setting             ;
+-------------------+---------------------+
; Start date & time ; 10/01/2020 00:00:23 ;
; Main task         ; Compilation         ;
; Revision Name     ; lab3                ;
+-------------------+---------------------+


+--------------------------------------------------------------------------------------------------------------------+
; Flow Non-Default Global Settings                                                                                   ;
+------------------------------------+--------------------------------+---------------+-------------+----------------+
; Assignment Name                    ; Value                          ; Default Value ; Entity Name ; Section Id     ;
+------------------------------------+--------------------------------+---------------+-------------+----------------+
; COMPILER_SIGNATURE_ID              ; 26601941254308.160149962311512 ; --            ; --          ; --             ;
; IP_TOOL_NAME                       ; LPM_ROM                        ; --            ; --          ; --             ;
; IP_TOOL_NAME                       ; LPM_RAM_DQ                     ; --            ; --          ; --             ;
; IP_TOOL_NAME                       ; LPM_COUNTER                    ; --            ; --          ; --             ;
; IP_TOOL_NAME                       ; LPM_FF                         ; --            ; --          ; --             ;
; IP_TOOL_NAME                       ; LPM_COMPARE                    ; --            ; --          ; --             ;
; IP_TOOL_NAME                       ; LPM_ADD_SUB                    ; --            ; --          ; --             ;
; IP_TOOL_NAME                       ; LPM_COUNTER                    ; --            ; --          ; --             ;
; IP_TOOL_NAME                       ; LPM_FF                         ; --            ; --          ; --             ;
; IP_TOOL_NAME                       ; LPM_FF                         ; --            ; --          ; --             ;
; IP_TOOL_NAME                       ; LPM_ADD_SUB                    ; --            ; --          ; --             ;
; IP_TOOL_NAME                       ; LPM_BUSTRI                     ; --            ; --          ; --             ;
; IP_TOOL_NAME                       ; LPM_COMPARE                    ; --            ; --          ; --             ;
; IP_TOOL_NAME                       ; LPM_COMPARE                    ; --            ; --          ; --             ;
; IP_TOOL_NAME                       ; LPM_ADD_SUB                    ; --            ; --          ; --             ;
; IP_TOOL_NAME                       ; LPM_ADD_SUB                    ; --            ; --          ; --             ;
; IP_TOOL_NAME                       ; LPM_COMPARE                    ; --            ; --          ; --             ;
; IP_TOOL_NAME                       ; LPM_ADD_SUB                    ; --            ; --          ; --             ;
; IP_TOOL_NAME                       ; LPM_COMPARE                    ; --            ; --          ; --             ;
; IP_TOOL_NAME                       ; LPM_BUSTRI                     ; --            ; --          ; --             ;
; IP_TOOL_VERSION                    ; 9.1                            ; --            ; --          ; --             ;
; IP_TOOL_VERSION                    ; 9.1                            ; --            ; --          ; --             ;
; IP_TOOL_VERSION                    ; 9.1                            ; --            ; --          ; --             ;
; IP_TOOL_VERSION                    ; 9.1                            ; --            ; --          ; --             ;
; IP_TOOL_VERSION                    ; 9.1                            ; --            ; --          ; --             ;
; IP_TOOL_VERSION                    ; 9.1                            ; --            ; --          ; --             ;
; IP_TOOL_VERSION                    ; 9.1                            ; --            ; --          ; --             ;
; IP_TOOL_VERSION                    ; 9.1                            ; --            ; --          ; --             ;
; IP_TOOL_VERSION                    ; 9.1                            ; --            ; --          ; --             ;
; IP_TOOL_VERSION                    ; 9.1                            ; --            ; --          ; --             ;
; IP_TOOL_VERSION                    ; 9.1                            ; --            ; --          ; --             ;
; IP_TOOL_VERSION                    ; 9.1                            ; --            ; --          ; --             ;
; IP_TOOL_VERSION                    ; 9.1                            ; --            ; --          ; --             ;
; IP_TOOL_VERSION                    ; 9.1                            ; --            ; --          ; --             ;
; IP_TOOL_VERSION                    ; 9.1                            ; --            ; --          ; --             ;
; IP_TOOL_VERSION                    ; 9.1                            ; --            ; --          ; --             ;
; IP_TOOL_VERSION                    ; 9.1                            ; --            ; --          ; --             ;
; IP_TOOL_VERSION                    ; 9.1                            ; --            ; --          ; --             ;
; IP_TOOL_VERSION                    ; 9.1                            ; --            ; --          ; --             ;
; MISC_FILE                          ; lpm_rom0.tdf                   ; --            ; --          ; --             ;
; MISC_FILE                          ; lpm_rom0.bsf                   ; --            ; --          ; --             ;
; MISC_FILE                          ; lpm_rom0.inc                   ; --            ; --          ; --             ;
; MISC_FILE                          ; lpm_ram_dq0.tdf                ; --            ; --          ; --             ;
; MISC_FILE                          ; lpm_ram_dq0.bsf                ; --            ; --          ; --             ;
; MISC_FILE                          ; lpm_ram_dq0.inc                ; --            ; --          ; --             ;
; MISC_FILE                          ; lpm_counter0.tdf               ; --            ; --          ; --             ;
; MISC_FILE                          ; lpm_counter0.bsf               ; --            ; --          ; --             ;
; MISC_FILE                          ; lpm_counter0.inc               ; --            ; --          ; --             ;
; MISC_FILE                          ; lpm_dff0.tdf                   ; --            ; --          ; --             ;
; MISC_FILE                          ; lpm_dff0.bsf                   ; --            ; --          ; --             ;
; MISC_FILE                          ; lpm_dff0.inc                   ; --            ; --          ; --             ;
; MISC_FILE                          ; lpm_compare0.tdf               ; --            ; --          ; --             ;
; MISC_FILE                          ; lpm_compare0.bsf               ; --            ; --          ; --             ;
; MISC_FILE                          ; lpm_compare0.inc               ; --            ; --          ; --             ;
; MISC_FILE                          ; lpm_add_sub0.tdf               ; --            ; --          ; --             ;
; MISC_FILE                          ; lpm_add_sub0.bsf               ; --            ; --          ; --             ;
; MISC_FILE                          ; lpm_add_sub0.inc               ; --            ; --          ; --             ;
; MISC_FILE                          ; lpm_counter1.tdf               ; --            ; --          ; --             ;
; MISC_FILE                          ; lpm_counter1.bsf               ; --            ; --          ; --             ;
; MISC_FILE                          ; lpm_counter1.inc               ; --            ; --          ; --             ;
; MISC_FILE                          ; lpm_dff1.tdf                   ; --            ; --          ; --             ;
; MISC_FILE                          ; lpm_dff1.bsf                   ; --            ; --          ; --             ;
; MISC_FILE                          ; lpm_dff1.inc                   ; --            ; --          ; --             ;
; MISC_FILE                          ; lpm_dff2.tdf                   ; --            ; --          ; --             ;
; MISC_FILE                          ; lpm_dff2.bsf                   ; --            ; --          ; --             ;
; MISC_FILE                          ; lpm_dff2.inc                   ; --            ; --          ; --             ;
; MISC_FILE                          ; lpm_add_sub1.tdf               ; --            ; --          ; --             ;
; MISC_FILE                          ; lpm_add_sub1.bsf               ; --            ; --          ; --             ;
; MISC_FILE                          ; lpm_add_sub1.inc               ; --            ; --          ; --             ;
; MISC_FILE                          ; lpm_bustri0.tdf                ; --            ; --          ; --             ;
; MISC_FILE                          ; lpm_bustri0.bsf                ; --            ; --          ; --             ;
; MISC_FILE                          ; lpm_bustri0.inc                ; --            ; --          ; --             ;
; MISC_FILE                          ; lpm_compare1.tdf               ; --            ; --          ; --             ;
; MISC_FILE                          ; lpm_compare1.bsf               ; --            ; --          ; --             ;
; MISC_FILE                          ; lpm_compare1.inc               ; --            ; --          ; --             ;
; MISC_FILE                          ; ../test/lpm_compare1.tdf       ; --            ; --          ; --             ;
; MISC_FILE                          ; ../test/lpm_compare1.bsf       ; --            ; --          ; --             ;
; MISC_FILE                          ; ../test/lpm_compare1.inc       ; --            ; --          ; --             ;
; MISC_FILE                          ; ../test/lpm_add_sub0.tdf       ; --            ; --          ; --             ;
; MISC_FILE                          ; ../test/lpm_add_sub0.bsf       ; --            ; --          ; --             ;
; MISC_FILE                          ; ../test/lpm_add_sub0.inc       ; --            ; --          ; --             ;
; MISC_FILE                          ; ../test/lpm_add_sub2.tdf       ; --            ; --          ; --             ;
; MISC_FILE                          ; ../test/lpm_add_sub2.bsf       ; --            ; --          ; --             ;
; MISC_FILE                          ; ../test/lpm_add_sub2.inc       ; --            ; --          ; --             ;
; MISC_FILE                          ; ../test/lpm_compare2.tdf       ; --            ; --          ; --             ;
; MISC_FILE                          ; ../test/lpm_compare2.bsf       ; --            ; --          ; --             ;
; MISC_FILE                          ; ../test/lpm_compare2.inc       ; --            ; --          ; --             ;
; MISC_FILE                          ; lpm_add_sub2.tdf               ; --            ; --          ; --             ;
; MISC_FILE                          ; lpm_add_sub2.bsf               ; --            ; --          ; --             ;
; MISC_FILE                          ; lpm_add_sub2.inc               ; --            ; --          ; --             ;
; MISC_FILE                          ; lpm_compare3.tdf               ; --            ; --          ; --             ;
; MISC_FILE                          ; lpm_compare3.bsf               ; --            ; --          ; --             ;
; MISC_FILE                          ; lpm_compare3.inc               ; --            ; --          ; --             ;
; MISC_FILE                          ; ../test/lpm_bustri0.tdf        ; --            ; --          ; --             ;
; MISC_FILE                          ; ../test/lpm_bustri0.bsf        ; --            ; --          ; --             ;
; MISC_FILE                          ; ../test/lpm_bustri0.inc        ; --            ; --          ; --             ;
; PARTITION_COLOR                    ; 16764057                       ; --            ; --          ; Top            ;
; PARTITION_NETLIST_TYPE             ; SOURCE                         ; --            ; --          ; Top            ;
; USE_GENERATED_PHYSICAL_CONSTRAINTS ; Off                            ; --            ; --          ; eda_blast_fpga ;
+------------------------------------+--------------------------------+---------------+-------------+----------------+


+-----------------------------------------------------------------------------------------------------------------------------+
; Flow Elapsed Time                                                                                                           ;
+-------------------------+--------------+-------------------------+---------------------+------------------------------------+
; Module Name             ; Elapsed Time ; Average Processors Used ; Peak Virtual Memory ; Total CPU Time (on all processors) ;
+-------------------------+--------------+-------------------------+---------------------+------------------------------------+
; Analysis & Synthesis    ; 00:00:03     ; 1.0                     ; 237 MB              ; 00:00:03                           ;
; Fitter                  ; 00:00:05     ; 1.0                     ; 269 MB              ; 00:00:06                           ;
; Assembler               ; 00:00:02     ; 1.0                     ; 235 MB              ; 00:00:02                           ;
; Classic Timing Analyzer ; 00:00:01     ; 1.0                     ; 166 MB              ; 00:00:01                           ;
; Total                   ; 00:00:11     ; --                      ; --                  ; 00:00:12                           ;
+-------------------------+--------------+-------------------------+---------------------+------------------------------------+


+------------------------------------------------------------------------------------------+
; Flow OS Summary                                                                          ;
+-------------------------+------------------+---------------+------------+----------------+
; Module Name             ; Machine Hostname ; OS Name       ; OS Version ; Processor type ;
+-------------------------+------------------+---------------+------------+----------------+
; Analysis & Synthesis    ; LAPTOP-NTUAM3RD  ; Windows Vista ; 6.2        ; x86_64         ;
; Fitter                  ; LAPTOP-NTUAM3RD  ; Windows Vista ; 6.2        ; x86_64         ;
; Assembler               ; LAPTOP-NTUAM3RD  ; Windows Vista ; 6.2        ; x86_64         ;
; Classic Timing Analyzer ; LAPTOP-NTUAM3RD  ; Windows Vista ; 6.2        ; x86_64         ;
+-------------------------+------------------+---------------+------------+----------------+


------------
; Flow Log ;
------------
quartus_map --read_settings_files=on --write_settings_files=off lab3 -c lab3
quartus_fit --read_settings_files=off --write_settings_files=off lab3 -c lab3
quartus_asm --read_settings_files=off --write_settings_files=off lab3 -c lab3
quartus_tan --read_settings_files=off --write_settings_files=off lab3 -c lab3 --timing_analysis_only



